Top 20 Sort By Count
Count    Total    Mean  Stddev    Min  P50.0  P90.0  P95.0  P99.0    Max  2xx  3xx  4xx  5xx  TotalBytes   MinBytes  MeanBytes   MaxBytes  Request
  884  461.237  0.5218  0.2732  0.039  0.509  0.889  1.003  1.216  1.368  877    0    7    0    27127098          0      30686      31176  GET /api/recent_playlists HTTP/1.1
  768  599.050  0.7800  0.3028  0.057  0.759  1.160  1.334  1.599  1.877  761    0    7    0    23393253          0      30459      30767  GET /api/popular_playlists HTTP/1.1
  677  276.874  0.4090  0.4172  0.002  0.251  1.057  1.314  1.754  1.995  669    0    8    0     2331652          0       3444      26984  GET /api/playlists HTTP/1.1
  476   12.864  0.0270  0.0199  0.004  0.023  0.041  0.054  0.120  0.255  457    0   19    0       14602         29         30         71  POST /api/login HTTP/1.1
  226    3.944  0.0175  0.0116  0.004  0.014  0.034  0.038  0.055  0.076  226    0    0    0       16724         74         74         74  POST /api/playlist/add HTTP/1.1
   62    2.432  0.0392  0.0292  0.008  0.028  0.077  0.107  0.129  0.129   62    0    0    0      779358      12560      12570      12582  GET /api/playlist/01G2K03GRRR01Y6QT0K76HVW4Q HTTP/1.1
   61    1.765  0.0289  0.0214  0.004  0.021  0.059  0.069  0.102  0.102   61    0    0    0       21227        347        347        348  GET /api/playlist/01FZVX1ARGFG60GGY8FH55YAW3 HTTP/1.1
   59    1.328  0.0225  0.0182  0.004  0.018  0.043  0.054  0.120  0.120   59    0    0    0      598007      10128      10135      10142  GET /api/playlist/01FWK7TA5RPHBBRMMG8WXRB5WC HTTP/1.1
   57    1.407  0.0247  0.0163  0.006  0.019  0.049  0.065  0.076  0.076   57    0    0    0      395886       6940       6945       6946  GET /api/playlist/01FQN7VPC047QSZWAT41ZFJ3HW HTTP/1.1
   56    2.118  0.0378  0.0203  0.006  0.036  0.067  0.078  0.100  0.100   56    0    0    0      737305      13155      13166      13170  GET /api/playlist/01FX55KFSGKEHF5Y1PZZ8N16VN HTTP/1.1
   53    2.228  0.0420  0.0258  0.007  0.036  0.080  0.095  0.119  0.119   53    0    0    0      447664       8437       8446       8452  GET /api/playlist/01FR91FV98DF5C3VGCFTF0AYF6 HTTP/1.1
   51    1.195  0.0234  0.0149  0.003  0.022  0.041  0.048  0.070  0.070   51    0    0    0      465021       9109       9118       9123  GET /api/playlist/01FW1YR7A04HZGBAVFMTA0DGEM HTTP/1.1
   51    2.068  0.0405  0.0216  0.009  0.038  0.068  0.086  0.096  0.096   51    0    0    0      157944       3096       3096       3097  GET /api/playlist/01FBG3AC10KFP4QDQJYPG01VEM HTTP/1.1
   51    1.514  0.0297  0.0249  0.004  0.023  0.052  0.063  0.147  0.147   51    0    0    0       27182        532        532        533  GET /api/playlist/01FVQ7K5R85B9HQ8PNSBESWXVQ HTTP/1.1
   50    1.247  0.0249  0.0181  0.003  0.020  0.053  0.071  0.077  0.077   50    0    0    0      373101       7457       7462       7463  GET /api/playlist/01FHW05FCGP4ADY0STBRW7E2CT HTTP/1.1
   49    1.231  0.0251  0.0179  0.003  0.020  0.057  0.064  0.069  0.069   49    0    0    0      278848       5686       5690       5692  GET /api/playlist/01FTBY9YK8XP76A1HYAJHWKPXE HTTP/1.1
   49    1.142  0.0233  0.0230  0.003  0.018  0.049  0.057  0.138  0.138   49    0    0    0       78840       1608       1608       1609  GET /api/playlist/01FT3452RR13VH24RC8N5206EK HTTP/1.1
   48    1.084  0.0226  0.0179  0.003  0.017  0.047  0.069  0.073  0.073   48    0    0    0       84816       1767       1767       1767  GET /api/playlist/01FSJ8V1Y0P7ZYWC28NEP1QKKY HTTP/1.1
   48    1.360  0.0283  0.0214  0.004  0.024  0.058  0.073  0.095  0.095   48    0    0    0      610161      12701      12711      12716  GET /api/playlist/01FE9WN9S88Y2W37SZK5Z12HQD HTTP/1.1
   48    1.951  0.0406  0.0250  0.011  0.032  0.077  0.099  0.111  0.111   48    0    0    0      643201      13390      13400      13405  GET /api/playlist/01FQCJYAWRQ3XKE4TX183SK0B3 HTTP/1.1

Top 20 Sort By Total
Count    Total     Mean   Stddev     Min   P50.0   P90.0   P95.0   P99.0     Max  2xx  3xx  4xx  5xx  TotalBytes   MinBytes  MeanBytes   MaxBytes  Request
  768  599.050   0.7800   0.3028   0.057   0.759   1.160   1.334   1.599   1.877  761    0    7    0    23393253          0      30459      30767  GET /api/popular_playlists HTTP/1.1
  884  461.237   0.5218   0.2732   0.039   0.509   0.889   1.003   1.216   1.368  877    0    7    0    27127098          0      30686      31176  GET /api/recent_playlists HTTP/1.1
  677  276.874   0.4090   0.4172   0.002   0.251   1.057   1.314   1.754   1.995  669    0    8    0     2331652          0       3444      26984  GET /api/playlists HTTP/1.1
    1   16.782  16.7820   0.0000  16.782  16.782  16.782  16.782  16.782  16.782    1    0    0    0          29         29         29         29  POST /initialize HTTP/1.1
  476   12.864   0.0270   0.0199   0.004   0.023   0.041   0.054   0.120   0.255  457    0   19    0       14602         29         30         71  POST /api/login HTTP/1.1
  226    3.944   0.0175   0.0116   0.004   0.014   0.034   0.038   0.055   0.076  226    0    0    0       16724         74         74         74  POST /api/playlist/add HTTP/1.1
   62    2.432   0.0392   0.0292   0.008   0.028   0.077   0.107   0.129   0.129   62    0    0    0      779358      12560      12570      12582  GET /api/playlist/01G2K03GRRR01Y6QT0K76HVW4Q HTTP/1.1
   53    2.228   0.0420   0.0258   0.007   0.036   0.080   0.095   0.119   0.119   53    0    0    0      447664       8437       8446       8452  GET /api/playlist/01FR91FV98DF5C3VGCFTF0AYF6 HTTP/1.1
   56    2.118   0.0378   0.0203   0.006   0.036   0.067   0.078   0.100   0.100   56    0    0    0      737305      13155      13166      13170  GET /api/playlist/01FX55KFSGKEHF5Y1PZZ8N16VN HTTP/1.1
   51    2.068   0.0405   0.0216   0.009   0.038   0.068   0.086   0.096   0.096   51    0    0    0      157944       3096       3096       3097  GET /api/playlist/01FBG3AC10KFP4QDQJYPG01VEM HTTP/1.1
   48    1.951   0.0406   0.0250   0.011   0.032   0.077   0.099   0.111   0.111   48    0    0    0      643201      13390      13400      13405  GET /api/playlist/01FQCJYAWRQ3XKE4TX183SK0B3 HTTP/1.1
   39    1.899   0.0487   0.0271   0.013   0.040   0.097   0.113   0.122   0.122   39    0    0    0      386003       3976       9897      11683  POST /api/playlist/01FXRXD3N8B2XHM58XNGGSZR4E/favorite HTTP/1.1
   44    1.873   0.0426   0.0178   0.011   0.041   0.066   0.069   0.096   0.096   44    0    0    0      401428       8073       9123      10001  POST /api/playlist/01FZWJHCB0KM0VG21JA4H281P1/favorite HTTP/1.1
   38    1.872   0.0493   0.0276   0.011   0.044   0.084   0.119   0.123   0.123   38    0    0    0      372444       3976       9801      11110  POST /api/playlist/01FM3DHNVG1XMJ68V113MVSGBS/favorite HTTP/1.1
   44    1.848   0.0420   0.0236   0.008   0.035   0.078   0.082   0.094   0.094   44    0    0    0      140398       3190       3190       3191  GET /api/playlist/01FPKG1B3R0V4DP3R3P7C27BVY HTTP/1.1
   45    1.835   0.0408   0.0290   0.008   0.032   0.090   0.094   0.138   0.138   45    0    0    0      194423       4315       4320       4322  GET /api/playlist/01FBEMWH50TX6TK18K42A4GBFW HTTP/1.1
   46    1.821   0.0396   0.0306   0.007   0.035   0.076   0.081   0.187   0.187   46    0    0    0      662678      14396      14406      14411  GET /api/playlist/01FVP1CHQGBYANMAT4WQQBFYV1 HTTP/1.1
   33    1.814   0.0550   0.0262   0.016   0.051   0.091   0.105   0.118   0.118   33    0    0    0      169571       3976       5138       6233  POST /api/playlist/01FCNND1M0F6H0RF8HA1GSQG23/favorite HTTP/1.1
   43    1.795   0.0417   0.0231   0.013   0.044   0.069   0.077   0.105   0.105   43    0    0    0      439831      10218      10228      10233  GET /api/playlist/01FDVHWQF0C0A8ERAFVC5KQ0W5 HTTP/1.1
   39    1.795   0.0460   0.0206   0.014   0.041   0.079   0.080   0.085   0.085   39    0    0    0       70200       1800       1800       1800  POST /api/playlist/01FCGHFN2RS91YS1JFZKX1V7TM/favorite HTTP/1.1

Top 20 Sort By Mean
Count    Total     Mean   Stddev     Min   P50.0   P90.0   P95.0   P99.0     Max  2xx  3xx  4xx  5xx  TotalBytes   MinBytes  MeanBytes   MaxBytes  Request
    1   16.782  16.7820   0.0000  16.782  16.782  16.782  16.782  16.782  16.782    1    0    0    0          29         29         29         29  POST /initialize HTTP/1.1
  768  599.050   0.7800   0.3028   0.057   0.759   1.160   1.334   1.599   1.877  761    0    7    0    23393253          0      30459      30767  GET /api/popular_playlists HTTP/1.1
    1    0.571   0.5710   0.0000   0.571   0.571   0.571   0.571   0.571   0.571    1    0    0    0       13336      13336      13336      13336  POST /api/playlist/01G51JGFECX14G58YEGFTFQ52E/update HTTP/1.1
    1    0.552   0.5520   0.0000   0.552   0.552   0.552   0.552   0.552   0.552    1    0    0    0       11754      11754      11754      11754  POST /api/playlist/01G51JGRR0ENTEX335MEZ518F8/update HTTP/1.1
  884  461.237   0.5218   0.2732   0.039   0.509   0.889   1.003   1.216   1.368  877    0    7    0    27127098          0      30686      31176  GET /api/recent_playlists HTTP/1.1
    1    0.476   0.4760   0.0000   0.476   0.476   0.476   0.476   0.476   0.476    1    0    0    0       13141      13141      13141      13141  POST /api/playlist/01G51JG4Z5RR013Y7JRMN2YEFB/update HTTP/1.1
    1    0.472   0.4720   0.0000   0.472   0.472   0.472   0.472   0.472   0.472    1    0    0    0       10413      10413      10413      10413  POST /api/playlist/01G51JGH877FXT9VJPKJQSS4Q0/update HTTP/1.1
    1    0.465   0.4650   0.0000   0.465   0.465   0.465   0.465   0.465   0.465    1    0    0    0       13815      13815      13815      13815  POST /api/playlist/01G51JGC9MX08J5GZJGGJH9PKF/update HTTP/1.1
    1    0.412   0.4120   0.0000   0.412   0.412   0.412   0.412   0.412   0.412    1    0    0    0       14451      14451      14451      14451  POST /api/playlist/01G51JGGDJ8FPAME9RQ6BTKE9V/update HTTP/1.1
  677  276.874   0.4090   0.4172   0.002   0.251   1.057   1.314   1.754   1.995  669    0    8    0     2331652          0       3444      26984  GET /api/playlists HTTP/1.1
    1    0.395   0.3950   0.0000   0.395   0.395   0.395   0.395   0.395   0.395    1    0    0    0       10828      10828      10828      10828  POST /api/playlist/01G51JG2EXHWWVSNZXS2991Y4F/update HTTP/1.1
    1    0.389   0.3890   0.0000   0.389   0.389   0.389   0.389   0.389   0.389    1    0    0    0       14254      14254      14254      14254  POST /api/playlist/01G51JG0QCATA7NH1SP7D3CBM2/update HTTP/1.1
    1    0.329   0.3290   0.0000   0.329   0.329   0.329   0.329   0.329   0.329    1    0    0    0       13003      13003      13003      13003  POST /api/playlist/01G51JGPGES7NRQHPD03PZ3SZH/update HTTP/1.1
    1    0.327   0.3270   0.0000   0.327   0.327   0.327   0.327   0.327   0.327    1    0    0    0       14488      14488      14488      14488  POST /api/playlist/01G51JFWHC8AZRWXY491PQ7S5T/update HTTP/1.1
    1    0.321   0.3210   0.0000   0.321   0.321   0.321   0.321   0.321   0.321    1    0    0    0       11094      11094      11094      11094  POST /api/playlist/01G51JGS5RF75ARJ8F715BV1QY/update HTTP/1.1
    1    0.312   0.3120   0.0000   0.312   0.312   0.312   0.312   0.312   0.312    1    0    0    0       10815      10815      10815      10815  POST /api/playlist/01G51JFQJFWF86MJPRAZCT5BTW/update HTTP/1.1
    1    0.308   0.3080   0.0000   0.308   0.308   0.308   0.308   0.308   0.308    1    0    0    0       11434      11434      11434      11434  POST /api/playlist/01G51JFWCSW573CMPJB04XCC4J/update HTTP/1.1
    1    0.303   0.3030   0.0000   0.303   0.303   0.303   0.303   0.303   0.303    1    0    0    0        7957       7957       7957       7957  POST /api/playlist/01G51JGNBPT6111JWNCNK1M3RD/update HTTP/1.1
    1    0.302   0.3020   0.0000   0.302   0.302   0.302   0.302   0.302   0.302    1    0    0    0       11338      11338      11338      11338  POST /api/playlist/01G51JFWTP2F9Q333Q1CYHDYQP/update HTTP/1.1
    1    0.302   0.3020   0.0000   0.302   0.302   0.302   0.302   0.302   0.302    1    0    0    0        9482       9482       9482       9482  POST /api/playlist/01G51JG8SY2V8TGBQN0ZR251NC/update HTTP/1.1

Top 20 Sort By Standard Deviation
Count    Total    Mean  Stddev    Min  P50.0  P90.0  P95.0  P99.0    Max  2xx  3xx  4xx  5xx  TotalBytes   MinBytes  MeanBytes   MaxBytes  Request
  677  276.874  0.4090  0.4172  0.002  0.251  1.057  1.314  1.754  1.995  669    0    8    0     2331652          0       3444      26984  GET /api/playlists HTTP/1.1
  768  599.050  0.7800  0.3028  0.057  0.759  1.160  1.334  1.599  1.877  761    0    7    0    23393253          0      30459      30767  GET /api/popular_playlists HTTP/1.1
  884  461.237  0.5218  0.2732  0.039  0.509  0.889  1.003  1.216  1.368  877    0    7    0    27127098          0      30686      31176  GET /api/recent_playlists HTTP/1.1
    7    0.388  0.0554  0.0419  0.030  0.034  0.156  0.156  0.156  0.156    7    0    0    0        7686       1098       1098       1098  POST /api/playlist/01G51JGFEMRC52H0DTWQ8MXEH0/favorite HTTP/1.1
    6    0.299  0.0498  0.0382  0.017  0.041  0.131  0.131  0.131  0.131    6    0    0    0       30894       3976       5149       7495  POST /api/playlist/01G51JG8B5P1567SP0C6HG2WRA/favorite HTTP/1.1
   17    0.971  0.0571  0.0351  0.019  0.043  0.114  0.145  0.145  0.145   17    0    0    0      142099       8073       8358       8451  POST /api/playlist/01FR91FV98DF5C3VGCFTF0AYF6/favorite HTTP/1.1
    2    0.117  0.0585  0.0335  0.025  0.092  0.092  0.092  0.092  0.092    2    0    0    0        7952       3976       3976       3976  POST /api/playlist/01G51JGNFJQ0N0N8VTQGVE6XB0/favorite HTTP/1.1
   14    0.655  0.0468  0.0322  0.015  0.037  0.085  0.140  0.140  0.140   14    0    0    0       65192       3976       4656       5338  POST /api/playlist/01FF8S04C8D9YWYPGVTA5PJZZJ/favorite HTTP/1.1
    2    0.106  0.0530  0.0320  0.021  0.085  0.085  0.085  0.085  0.085    2    0    0    0       10678       5336       5339       5342  GET /api/playlist/01FDQ04GJRE6K13K79RE894YEJ HTTP/1.1
   19    1.012  0.0533  0.0320  0.023  0.039  0.118  0.127  0.127  0.127   19    0    0    0      171831       8073       9043      10375  POST /api/playlist/01FRZYDWJRAE1033C66TF0NAZ1/favorite HTTP/1.1
   22    0.809  0.0368  0.0319  0.011  0.027  0.066  0.075  0.164  0.164   22    0    0    0       43551       1979       1979       1980  POST /api/playlist/01G51JFK5AF5D2MBHAYW8XCFD3/favorite HTTP/1.1
   20    1.283  0.0642  0.0313  0.019  0.061  0.114  0.127  0.127  0.127   20    0    0    0       63800       3190       3190       3190  POST /api/playlist/01FPKG1B3R0V4DP3R3P7C27BVY/favorite HTTP/1.1
   46    1.821  0.0396  0.0306  0.007  0.035  0.076  0.081  0.187  0.187   46    0    0    0      662678      14396      14406      14411  GET /api/playlist/01FVP1CHQGBYANMAT4WQQBFYV1 HTTP/1.1
    7    0.354  0.0506  0.0305  0.012  0.039  0.106  0.106  0.106  0.106    7    0    0    0       74579       8073      10654      11688  POST /api/playlist/01G51JGGG8PGS0DH0R37QXF9JD/favorite HTTP/1.1
    7    0.350  0.0500  0.0302  0.018  0.050  0.112  0.112  0.112  0.112    7    0    0    0       66143       8073       9449      10481  POST /api/playlist/01G51JGK15Z1C6S6ZDTN0F1HAP/favorite HTTP/1.1
   15    0.401  0.0267  0.0301  0.003  0.018  0.065  0.122  0.122  0.122   15    0    0    0      184500        348      12300      13157  GET /api/playlist/01G51JG4Z5RR013Y7JRMN2YEFB HTTP/1.1
   42    1.582  0.0377  0.0300  0.005  0.034  0.059  0.068  0.160  0.160   42    0    0    0      443826      10559      10567      10573  GET /api/playlist/01FV461SW8VPGB93TKD0NFHTDZ HTTP/1.1
   36    1.505  0.0418  0.0296  0.012  0.031  0.093  0.111  0.141  0.141   36    0    0    0      112032       3112       3112       3112  POST /api/playlist/01FW85BX4R5DSZNP8BN4F00K9V/favorite HTTP/1.1
    9    0.316  0.0351  0.0294  0.011  0.023  0.109  0.109  0.109  0.109    9    0    0    0      110865        356      12318      13816  GET /api/playlist/01G51JGC9MX08J5GZJGGJH9PKF HTTP/1.1
   23    1.297  0.0564  0.0293  0.010  0.045  0.090  0.119  0.120  0.120   22    0    1    0       68112          0       2961       3096  POST /api/playlist/01FBG3AC10KFP4QDQJYPG01VEM/favorite HTTP/1.1

Top 20 Sort By Maximum(100 Percentile)
Count    Total     Mean   Stddev     Min   P50.0   P90.0   P95.0   P99.0     Max  2xx  3xx  4xx  5xx  TotalBytes   MinBytes  MeanBytes   MaxBytes  Request
    1   16.782  16.7820   0.0000  16.782  16.782  16.782  16.782  16.782  16.782    1    0    0    0          29         29         29         29  POST /initialize HTTP/1.1
  677  276.874   0.4090   0.4172   0.002   0.251   1.057   1.314   1.754   1.995  669    0    8    0     2331652          0       3444      26984  GET /api/playlists HTTP/1.1
  768  599.050   0.7800   0.3028   0.057   0.759   1.160   1.334   1.599   1.877  761    0    7    0    23393253          0      30459      30767  GET /api/popular_playlists HTTP/1.1
  884  461.237   0.5218   0.2732   0.039   0.509   0.889   1.003   1.216   1.368  877    0    7    0    27127098          0      30686      31176  GET /api/recent_playlists HTTP/1.1
    1    0.571   0.5710   0.0000   0.571   0.571   0.571   0.571   0.571   0.571    1    0    0    0       13336      13336      13336      13336  POST /api/playlist/01G51JGFECX14G58YEGFTFQ52E/update HTTP/1.1
    1    0.552   0.5520   0.0000   0.552   0.552   0.552   0.552   0.552   0.552    1    0    0    0       11754      11754      11754      11754  POST /api/playlist/01G51JGRR0ENTEX335MEZ518F8/update HTTP/1.1
    1    0.476   0.4760   0.0000   0.476   0.476   0.476   0.476   0.476   0.476    1    0    0    0       13141      13141      13141      13141  POST /api/playlist/01G51JG4Z5RR013Y7JRMN2YEFB/update HTTP/1.1
    1    0.472   0.4720   0.0000   0.472   0.472   0.472   0.472   0.472   0.472    1    0    0    0       10413      10413      10413      10413  POST /api/playlist/01G51JGH877FXT9VJPKJQSS4Q0/update HTTP/1.1
    1    0.465   0.4650   0.0000   0.465   0.465   0.465   0.465   0.465   0.465    1    0    0    0       13815      13815      13815      13815  POST /api/playlist/01G51JGC9MX08J5GZJGGJH9PKF/update HTTP/1.1
    1    0.412   0.4120   0.0000   0.412   0.412   0.412   0.412   0.412   0.412    1    0    0    0       14451      14451      14451      14451  POST /api/playlist/01G51JGGDJ8FPAME9RQ6BTKE9V/update HTTP/1.1
    1    0.395   0.3950   0.0000   0.395   0.395   0.395   0.395   0.395   0.395    1    0    0    0       10828      10828      10828      10828  POST /api/playlist/01G51JG2EXHWWVSNZXS2991Y4F/update HTTP/1.1
    1    0.389   0.3890   0.0000   0.389   0.389   0.389   0.389   0.389   0.389    1    0    0    0       14254      14254      14254      14254  POST /api/playlist/01G51JG0QCATA7NH1SP7D3CBM2/update HTTP/1.1
    1    0.329   0.3290   0.0000   0.329   0.329   0.329   0.329   0.329   0.329    1    0    0    0       13003      13003      13003      13003  POST /api/playlist/01G51JGPGES7NRQHPD03PZ3SZH/update HTTP/1.1
    1    0.327   0.3270   0.0000   0.327   0.327   0.327   0.327   0.327   0.327    1    0    0    0       14488      14488      14488      14488  POST /api/playlist/01G51JFWHC8AZRWXY491PQ7S5T/update HTTP/1.1
    1    0.321   0.3210   0.0000   0.321   0.321   0.321   0.321   0.321   0.321    1    0    0    0       11094      11094      11094      11094  POST /api/playlist/01G51JGS5RF75ARJ8F715BV1QY/update HTTP/1.1
    1    0.312   0.3120   0.0000   0.312   0.312   0.312   0.312   0.312   0.312    1    0    0    0       10815      10815      10815      10815  POST /api/playlist/01G51JFQJFWF86MJPRAZCT5BTW/update HTTP/1.1
    1    0.308   0.3080   0.0000   0.308   0.308   0.308   0.308   0.308   0.308    1    0    0    0       11434      11434      11434      11434  POST /api/playlist/01G51JFWCSW573CMPJB04XCC4J/update HTTP/1.1
    1    0.303   0.3030   0.0000   0.303   0.303   0.303   0.303   0.303   0.303    1    0    0    0        7957       7957       7957       7957  POST /api/playlist/01G51JGNBPT6111JWNCNK1M3RD/update HTTP/1.1
    1    0.302   0.3020   0.0000   0.302   0.302   0.302   0.302   0.302   0.302    1    0    0    0        9482       9482       9482       9482  POST /api/playlist/01G51JG8SY2V8TGBQN0ZR251NC/update HTTP/1.1
    1    0.302   0.3020   0.0000   0.302   0.302   0.302   0.302   0.302   0.302    1    0    0    0       11338      11338      11338      11338  POST /api/playlist/01G51JFWTP2F9Q333Q1CYHDYQP/update HTTP/1.1

TOP 37 Slow Requests
 1  16.782  POST /initialize HTTP/1.1
 2   1.995  GET /api/playlists HTTP/1.1
 3   1.982  GET /api/playlists HTTP/1.1
 4   1.929  GET /api/playlists HTTP/1.1
 5   1.877  GET /api/popular_playlists HTTP/1.1
 6   1.816  GET /api/playlists HTTP/1.1
 7   1.792  GET /api/playlists HTTP/1.1
 8   1.788  GET /api/playlists HTTP/1.1
 9   1.754  GET /api/playlists HTTP/1.1
10   1.743  GET /api/popular_playlists HTTP/1.1
11   1.734  GET /api/popular_playlists HTTP/1.1
12   1.692  GET /api/playlists HTTP/1.1
13   1.675  GET /api/popular_playlists HTTP/1.1
14   1.643  GET /api/popular_playlists HTTP/1.1
15   1.640  GET /api/playlists HTTP/1.1
16   1.623  GET /api/playlists HTTP/1.1
17   1.610  GET /api/popular_playlists HTTP/1.1
18   1.609  GET /api/popular_playlists HTTP/1.1
19   1.599  GET /api/popular_playlists HTTP/1.1
20   1.595  GET /api/playlists HTTP/1.1
21   1.595  GET /api/playlists HTTP/1.1
22   1.588  GET /api/playlists HTTP/1.1
23   1.585  GET /api/playlists HTTP/1.1
24   1.577  GET /api/popular_playlists HTTP/1.1
25   1.559  GET /api/playlists HTTP/1.1
26   1.524  GET /api/popular_playlists HTTP/1.1
27   1.521  GET /api/popular_playlists HTTP/1.1
28   1.518  GET /api/playlists HTTP/1.1
29   1.515  GET /api/playlists HTTP/1.1
30   1.515  GET /api/playlists HTTP/1.1
31   1.507  GET /api/playlists HTTP/1.1
32   1.507  GET /api/playlists HTTP/1.1
33   1.505  GET /api/popular_playlists HTTP/1.1
34   1.502  GET /api/playlists HTTP/1.1
35   1.499  GET /api/popular_playlists HTTP/1.1
36   1.489  GET /api/playlists HTTP/1.1
37   1.481  GET /api/popular_playlists HTTP/1.1
